Build started 14.12.2012 16:59:57.
     1>Project "d:\FEL\GPU\seminarka\seminarka-cpu\seminarka-cpu\seminarka-cpu.vcxproj" on node 2 (build target(s)).
     1>InitializeBuildStatus:
         Creating "Debug\gpu-seminarka.unsuccessfulbuild" because "AlwaysCreate" was specified.
       AddCudaCompileDeps:
       Skipping target "AddCudaCompileDeps" because all output files are up-to-date with respect to the input files.
       AddCudaCompilePropsDeps:
         Found "CudaToolkitCustomDir".
         Found "AdditionalDeps".
         Found "CompileOut".
         Found "Include".
         Found "UseHostInclude".
         Found "Keep".
         Found "KeepDir".
         Found "GenerateRelocatableDeviceCode".
         Found "NvccCompilation".
         Found "NvccPath".
         Found "RequiredIncludes".
         Found "TargetMachinePlatform".
         Found "CInterleavedPTX".
         Found "CodeGeneration".
         Found "GPUDebugInfo".
         Found "GenerateLineInfo".
         Found "MaxRegCount".
         Found "PtxAsOptionV".
         Found "AdditionalCompilerOptions".
         Found "Defines".
         Found "UseHostDefines".
         Found "Emulation".
         Found "HostDebugInfo".
         Found "FastMath".
         Found "Optimization".
         Found "Runtime".
         Found "RuntimeChecks".
         Found "TypeInfo".
         Found "Warning".
         Found "AdditionalOptions".
         Found "CommandLineTemplate".
         Found "PerformDeviceLink".
         Found "LinkOut".
         Found "AdditionalLibraryDirectories".
         Found "UseHostLibraryDirectories".
         Found "AdditionalDependencies".
         Found "UseHostLibraryDependencies".
         Found "GPUDebugInfo".
         Found "Optimization".
         Found "CodeGeneration".
         Found "TargetMachinePlatform".
         Found "Warning".
         Found "RuntimeChecks".
         Found "Runtime".
         Found "TypeInfo".
         Found "AdditionalCompilerOptions".
         Found "Inputs".
         Found "AdditionalOptions".
         Found "CommandLineTemplate".
       CudaBuild:
       Skipping target "CudaBuild" because all output files are up-to-date with respect to the input files.
       ClCompile:
         All outputs are up-to-date.
       Link:
         All outputs are up-to-date.
         C:\Program Files (x86)\Microsoft Visual Studio 10.0\VC\bin\link.exe /ERRORREPORT:PROMPT /OUT:"D:\FEL\GPU\seminarka\seminarka-cpu\Debug\gpu-seminarka.exe" /NOLOGO /LIBPATH:../common/GLFW/msvc10 /LIBPATH:../common/AntTweakBar /LIBPATH:"C:\Program Files\NVIDIA GPU Computing Toolkit\CUDA\v5.0\lib\Win32/cudart.lib" /LIBPATH:"C:\Program Files\NVIDIA GPU Computing Toolkit\CUDA\v5.0\lib\Win32/curand.lib" /LIBPATH:../common/GLEW /LIBPATH:"C:\Program Files\NVIDIA GPU Computing Toolkit\CUDA\v5.0\lib\Win32" opengl32.lib glu32.lib glfw.lib glew32.lib glut32.lib cudart.lib curand.lib kernel32.lib user32.lib gdi32.lib winspool.lib comdlg32.lib advapi32.lib shell32.lib ole32.lib oleaut32.lib uuid.lib odbc32.lib odbccp32.lib /MANIFEST /ManifestFile:"Debug\gpu-seminarka.exe.intermediate.manifest" /MANIFESTUAC:"level='asInvoker' uiAccess='false'" /DEBUG /PDB:"D:\FEL\GPU\seminarka\seminarka-cpu\Debug\gpu-seminarka.pdb" /TLBID:1 /DYNAMICBASE /NXCOMPAT /IMPLIB:"D:\FEL\GPU\seminarka\seminarka-cpu\Debug\gpu-seminarka.lib" /MACHINE:X86 Debug\GPUComputation.cu.obj
         Debug\CPUMarchingCubes.obj
         Debug\CPUSimulation.obj
         Debug\GPUSimulation.obj
         Debug\main.obj
         Debug\Voxel.obj
         LINK : D:\FEL\GPU\seminarka\seminarka-cpu\Debug\gpu-seminarka.exe not found or not built by the last incremental link; performing full link
     1>LINK : warning LNK4098: defaultlib 'MSVCRT' conflicts with use of other libs; use /NODEFAULTLIB:library
         seminarka-cpu.vcxproj -> D:\FEL\GPU\seminarka\seminarka-cpu\Debug\gpu-seminarka.exe
       Manifest:
         C:\Program Files (x86)\Microsoft SDKs\Windows\v7.0A\bin\mt.exe /nologo /verbose /outputresource:"D:\FEL\GPU\seminarka\seminarka-cpu\Debug\gpu-seminarka.exe;#1" /manifest "Debug\gpu-seminarka.exe.intermediate.manifest"
       FinalizeBuildStatus:
         Deleting file "Debug\gpu-seminarka.unsuccessfulbuild".
         Touching "Debug\gpu-seminarka.lastbuildstate".
     1>Done Building Project "d:\FEL\GPU\seminarka\seminarka-cpu\seminarka-cpu\seminarka-cpu.vcxproj" (build target(s)).

Build succeeded.

Time Elapsed 00:00:00.31
