D:\FEL\GPU\SEMINARKA\SEMINARKA-CPU\RELEASE\GPU-SEMINARKA.EXE
D:\FEL\GPU\SEMINARKA\SEMINARKA-CPU\RELEASE\GPU-SEMINARKA.PDB
d:\FEL\GPU\seminarka\seminarka-cpu\seminarka-cpu\Release\cl.command.1.tlog
d:\FEL\GPU\seminarka\seminarka-cpu\seminarka-cpu\Release\CL.read.1.tlog
d:\FEL\GPU\seminarka\seminarka-cpu\seminarka-cpu\Release\CL.write.1.tlog
D:\FEL\GPU\SEMINARKA\SEMINARKA-CPU\SEMINARKA-CPU\RELEASE\CPUMARCHINGCUBES.OBJ
D:\FEL\GPU\SEMINARKA\SEMINARKA-CPU\SEMINARKA-CPU\RELEASE\CPUSIMULATION.OBJ
d:\FEL\GPU\seminarka\seminarka-cpu\seminarka-cpu\Release\CudaMarch.cu.cache
d:\FEL\GPU\seminarka\seminarka-cpu\seminarka-cpu\Release\CudaMarch.cu.obj
d:\FEL\GPU\seminarka\seminarka-cpu\seminarka-cpu\Release\CudaUpdate.cu.cache
d:\FEL\GPU\seminarka\seminarka-cpu\seminarka-cpu\Release\CudaUpdate.cu.obj
D:\FEL\GPU\SEMINARKA\SEMINARKA-CPU\SEMINARKA-CPU\RELEASE\GPUMARCHINGCUBES.OBJ
D:\FEL\GPU\SEMINARKA\SEMINARKA-CPU\SEMINARKA-CPU\RELEASE\GPU-SEMINARKA.EXE.INTERMEDIATE.MANIFEST
D:\FEL\GPU\SEMINARKA\SEMINARKA-CPU\SEMINARKA-CPU\RELEASE\GPUSIMULATION.OBJ
d:\FEL\GPU\seminarka\seminarka-cpu\seminarka-cpu\Release\link.command.1.tlog
d:\FEL\GPU\seminarka\seminarka-cpu\seminarka-cpu\Release\link.read.1.tlog
d:\FEL\GPU\seminarka\seminarka-cpu\seminarka-cpu\Release\link.write.1.tlog
D:\FEL\GPU\SEMINARKA\SEMINARKA-CPU\SEMINARKA-CPU\RELEASE\MAIN.OBJ
d:\FEL\GPU\seminarka\seminarka-cpu\seminarka-cpu\Release\mt.command.1.tlog
d:\FEL\GPU\seminarka\seminarka-cpu\seminarka-cpu\Release\mt.read.1.tlog
d:\FEL\GPU\seminarka\seminarka-cpu\seminarka-cpu\Release\mt.write.1.tlog
D:\FEL\GPU\SEMINARKA\SEMINARKA-CPU\SEMINARKA-CPU\RELEASE\VC100.PDB
D:\FEL\GPU\SEMINARKA\SEMINARKA-CPU\SEMINARKA-CPU\RELEASE\VOXEL.OBJ
